<?xml version="1.0" encoding="UTF-8"?>
<testng-results ignored="0" total="1" passed="1" failed="0" skipped="0">
  <reporter-output>
  </reporter-output>
  <suite started-at="2022-12-14T11:39:42 IST" name="GitHub Application Testing" finished-at="2022-12-14T11:39:46 IST" duration-ms="4201">
    <groups>
    </groups>
    <test started-at="2022-12-14T11:39:42 IST" name="Github Login" finished-at="2022-12-14T11:39:46 IST" duration-ms="4201">
      <class name="selenium.GitHubLogin">
        <test-method is-config="true" signature="openBrowser()[pri:0, instance:selenium.GitHubLogin@6892b3b6]" started-at="2022-12-14T11:39:40 IST" name="openBrowser" finished-at="2022-12-14T11:39:42 IST" duration-ms="2243" status="PASS">
          <reporter-output>
          </reporter-output>
        </test-method> <!-- openBrowser -->
        <test-method is-config="true" signature="openAut()[pri:0, instance:selenium.GitHubLogin@6892b3b6]" started-at="2022-12-14T11:39:42 IST" name="openAut" finished-at="2022-12-14T11:39:43 IST" duration-ms="772" status="PASS">
          <reporter-output>
          </reporter-output>
        </test-method> <!-- openAut -->
        <test-method is-config="true" signature="clickLoginButton()[pri:0, instance:selenium.GitHubLogin@6892b3b6]" started-at="2022-12-14T11:39:43 IST" name="clickLoginButton" finished-at="2022-12-14T11:39:43 IST" duration-ms="389" status="PASS">
          <reporter-output>
          </reporter-output>
        </test-method> <!-- clickLoginButton -->
        <test-method signature="logIn()[pri:0, instance:selenium.GitHubLogin@6892b3b6]" started-at="2022-12-14T11:39:43 IST" name="logIn" finished-at="2022-12-14T11:39:43 IST" duration-ms="7" status="PASS">
          <reporter-output>
          </reporter-output>
        </test-method> <!-- logIn -->
        <test-method is-config="true" signature="logOut()[pri:0, instance:selenium.GitHubLogin@6892b3b6]" started-at="2022-12-14T11:39:43 IST" name="logOut" finished-at="2022-12-14T11:39:46 IST" duration-ms="3004" status="PASS">
          <reporter-output>
          </reporter-output>
        </test-method> <!-- logOut -->
        <test-method is-config="true" signature="quitBrowser()[pri:0, instance:selenium.GitHubLogin@6892b3b6]" started-at="2022-12-14T11:39:46 IST" name="quitBrowser" finished-at="2022-12-14T11:39:47 IST" duration-ms="607" status="PASS">
          <reporter-output>
          </reporter-output>
        </test-method> <!-- quitBrowser -->
      </class> <!-- selenium.GitHubLogin -->
    </test> <!-- Github Login -->
  </suite> <!-- GitHub Application Testing -->
</testng-results>
